Using pre-set license
Built from '2021.3/staging' branch; Version is '2021.3.29f1 (204d6dc9ae1c) revision 2116973'; Using compiler version '192829333'; Build Type 'Release'
OS: 'Windows 10  (10.0.19045) 64bit Core' Language: 'en' Physical Memory: 16325 MB
BatchMode: 1, IsHumanControllingUs: 0, StartBugReporterOnCrash: 0, Is64bit: 1, IsPro: 1

COMMAND LINE ARGUMENTS:
C:\Program Files\Unity\Hub\Editor\2021.3.29f1\Editor\Unity.exe
-adb2
-batchMode
-noUpm
-name
AssetImportWorker1
-projectPath
E:/Repos/Bee-Game-Arcade/BeeProject
-logFile
Logs/AssetImportWorker1.log
-srvPort
51184
Successfully changed project path to: E:/Repos/Bee-Game-Arcade/BeeProject
E:/Repos/Bee-Game-Arcade/BeeProject
[UnityMemory] Configuration Parameters - Can be set up in boot.config
    "memorysetup-bucket-allocator-granularity=16"
    "memorysetup-bucket-allocator-bucket-count=8"
    "memorysetup-bucket-allocator-block-size=33554432"
    "memorysetup-bucket-allocator-block-count=8"
    "memorysetup-main-allocator-block-size=16777216"
    "memorysetup-thread-allocator-block-size=16777216"
    "memorysetup-gfx-main-allocator-block-size=16777216"
    "memorysetup-gfx-thread-allocator-block-size=16777216"
    "memorysetup-cache-allocator-block-size=4194304"
    "memorysetup-typetree-allocator-block-size=2097152"
    "memorysetup-profiler-bucket-allocator-granularity=16"
    "memorysetup-profiler-bucket-allocator-bucket-count=8"
    "memorysetup-profiler-bucket-allocator-block-size=33554432"
    "memorysetup-profiler-bucket-allocator-block-count=8"
    "memorysetup-profiler-allocator-block-size=16777216"
    "memorysetup-profiler-editor-allocator-block-size=1048576"
    "memorysetup-temp-allocator-size-main=16777216"
    "memorysetup-job-temp-allocator-block-size=2097152"
    "memorysetup-job-temp-allocator-block-size-background=1048576"
    "memorysetup-job-temp-allocator-reduction-small-platforms=262144"
    "memorysetup-temp-allocator-size-background-worker=32768"
    "memorysetup-temp-allocator-size-job-worker=262144"
    "memorysetup-temp-allocator-size-preload-manager=33554432"
    "memorysetup-temp-allocator-size-nav-mesh-worker=65536"
    "memorysetup-temp-allocator-size-audio-worker=65536"
    "memorysetup-temp-allocator-size-cloud-worker=32768"
    "memorysetup-temp-allocator-size-gi-baking-worker=262144"
    "memorysetup-temp-allocator-size-gfx=262144"
Player connection [11888] Host "[IP] 192.168.208.1 [Port] 0 [Flags] 2 [Guid] 4191278776 [EditorId] 4191278776 [Version] 1048832 [Id] WindowsEditor(7,DESKTOP-AI604OF) [Debug] 1 [PackageName] WindowsEditor [ProjectName] Editor" joined multi-casting on [225.0.0.222:54997]...

Player connection [11888] Host "[IP] 192.168.208.1 [Port] 0 [Flags] 2 [Guid] 4191278776 [EditorId] 4191278776 [Version] 1048832 [Id] WindowsEditor(7,DESKTOP-AI604OF) [Debug] 1 [PackageName] WindowsEditor [ProjectName] Editor" joined alternative multi-casting on [225.0.0.222:34997]...

Refreshing native plugins compatible for Editor in 153.91 ms, found 4 plugins.
Preloading 0 native plugins for Editor in 0.00 ms.
Initialize engine version: 2021.3.29f1 (204d6dc9ae1c)
[Subsystems] Discovering subsystems at path C:/Program Files/Unity/Hub/Editor/2021.3.29f1/Editor/Data/Resources/UnitySubsystems
[Subsystems] Discovering subsystems at path E:/Repos/Bee-Game-Arcade/BeeProject/Assets
GfxDevice: creating device client; threaded=0; jobified=0
Direct3D:
    Version:  Direct3D 11.0 [level 11.1]
    Renderer: Radeon RX 5500 XT (ID=0x7340)
    Vendor:   ATI
    VRAM:     8151 MB
    Driver:   31.0.22011.1008
Initialize mono
Mono path[0] = 'C:/Program Files/Unity/Hub/Editor/2021.3.29f1/Editor/Data/Managed'
Mono path[1] = 'C:/Program Files/Unity/Hub/Editor/2021.3.29f1/Editor/Data/MonoBleedingEdge/lib/mono/unityjit-win32'
Mono config path = 'C:/Program Files/Unity/Hub/Editor/2021.3.29f1/Editor/Data/MonoBleedingEdge/etc'
Using monoOptions --debugger-agent=transport=dt_socket,embedding=1,server=y,suspend=n,address=127.0.0.1:56024
Begin MonoManager ReloadAssembly
Registering precompiled unity dll's ...
Register platform support module: C:/Program Files/Unity/Hub/Editor/2021.3.29f1/Editor/Data/PlaybackEngines/WebGLSupport/UnityEditor.WebGL.Extensions.dll
Register platform support module: C:/Program Files/Unity/Hub/Editor/2021.3.29f1/Editor/Data/PlaybackEngines/WindowsStandaloneSupport/UnityEditor.WindowsStandalone.Extensions.dll
Registered in 0.015665 seconds.
Native extension for WindowsStandalone target not found
Native extension for WebGL target not found
Refreshing native plugins compatible for Editor in 170.79 ms, found 4 plugins.
Preloading 0 native plugins for Editor in 0.00 ms.
Mono: successfully reloaded assembly
- Completed reload, in  0.942 seconds
Domain Reload Profiling:
	ReloadAssembly (943ms)
		BeginReloadAssembly (103ms)
			ExecutionOrderSort (0ms)
			DisableScriptedObjects (0ms)
			BackupInstance (0ms)
			ReleaseScriptingObjects (0ms)
			CreateAndSetChildDomain (1ms)
		EndReloadAssembly (702ms)
			LoadAssemblies (100ms)
			RebuildTransferFunctionScriptingTraits (0ms)
			SetupTypeCache (151ms)
			ReleaseScriptCaches (0ms)
			RebuildScriptCaches (42ms)
			SetupLoadedEditorAssemblies (414ms)
				LogAssemblyErrors (0ms)
				InitializePlatformSupportModulesInManaged (14ms)
				SetLoadedEditorAssemblies (0ms)
				RefreshPlugins (171ms)
				BeforeProcessingInitializeOnLoad (2ms)
				ProcessInitializeOnLoadAttributes (157ms)
				ProcessInitializeOnLoadMethodAttributes (68ms)
				AfterProcessingInitializeOnLoad (0ms)
				EditorAssembliesLoaded (0ms)
			ExecutionOrderSort2 (0ms)
			AwakeInstancesAfterBackupRestoration (0ms)
Platform modules already initialized, skipping
Registering precompiled user dll's ...
Registered in 0.007436 seconds.
Begin MonoManager ReloadAssembly
Symbol file LoadedFromMemory doesn't match image E:\Repos\Bee-Game-Arcade\BeeProject\Library\PackageCache\com.unity.visualscripting@1.8.0\Editor\VisualScripting.Core\Dependencies\YamlDotNet\Unity.VisualScripting.YamlDotNet.dll
Symbol file LoadedFromMemory doesn't match image E:\Repos\Bee-Game-Arcade\BeeProject\Library\PackageCache\com.unity.visualscripting@1.8.0\Editor\VisualScripting.Core\Dependencies\DotNetZip\Unity.VisualScripting.IonicZip.dll
Native extension for WindowsStandalone target not found
Native extension for WebGL target not found
Refreshing native plugins compatible for Editor in 180.69 ms, found 4 plugins.
Preloading 0 native plugins for Editor in 0.00 ms.
Mono: successfully reloaded assembly
- Completed reload, in  1.794 seconds
Domain Reload Profiling:
	ReloadAssembly (1795ms)
		BeginReloadAssembly (178ms)
			ExecutionOrderSort (0ms)
			DisableScriptedObjects (7ms)
			BackupInstance (0ms)
			ReleaseScriptingObjects (0ms)
			CreateAndSetChildDomain (34ms)
		EndReloadAssembly (1467ms)
			LoadAssemblies (139ms)
			RebuildTransferFunctionScriptingTraits (0ms)
			SetupTypeCache (418ms)
			ReleaseScriptCaches (1ms)
			RebuildScriptCaches (87ms)
			SetupLoadedEditorAssemblies (799ms)
				LogAssemblyErrors (0ms)
				InitializePlatformSupportModulesInManaged (8ms)
				SetLoadedEditorAssemblies (0ms)
				RefreshPlugins (181ms)
				BeforeProcessingInitializeOnLoad (158ms)
				ProcessInitializeOnLoadAttributes (311ms)
				ProcessInitializeOnLoadMethodAttributes (125ms)
				AfterProcessingInitializeOnLoad (17ms)
				EditorAssembliesLoaded (0ms)
			ExecutionOrderSort2 (0ms)
			AwakeInstancesAfterBackupRestoration (10ms)
Platform modules already initialized, skipping
========================================================================
Worker process is ready to serve import requests
Launched and connected shader compiler UnityShaderCompiler.exe after 0.10 seconds
Refreshing native plugins compatible for Editor in 0.87 ms, found 4 plugins.
Preloading 0 native plugins for Editor in 0.00 ms.
Unloading 5373 Unused Serialized files (Serialized files now loaded: 0)
Unloading 53 unused Assets / (0.8 MB). Loaded Objects now: 5824.
Memory consumption went from 212.6 MB to 211.8 MB.
Total: 5.548800 ms (FindLiveObjects: 0.592600 ms CreateObjectMapping: 0.491000 ms MarkObjects: 4.089800 ms  DeleteObjects: 0.374100 ms)

AssetImportParameters requested are different than current active one (requested -> active):
  custom:video-decoder-ogg-theora: a1e56fd34408186e4bbccfd4996cb3dc -> 
  custom:container-muxer-webm: aa71ff27fc2769a1b78a27578f13a17b -> 
  custom:container-demuxer-webm: 4f35f7cbe854078d1ac9338744f61a02 -> 
  custom:video-encoder-webm-vp8: eb34c28f22e8b96e1ab97ce403110664 -> 
  custom:audio-encoder-webm-vorbis: bf7c407c2cedff20999df2af8eb42d56 -> 
  custom:framework-win-MediaFoundation: 216162199b28c13a410421893ffa2e32 -> 
  custom:container-demuxer-ogg: 62fdf1f143b41e24485cea50d1cbac27 -> 
  custom:video-decoder-webm-vp8: 9c59270c3fd7afecdb556c50c9e8de78 -> 
  custom:audio-decoder-ogg-vorbis: bf7c407c2cedff20999df2af8eb42d56 -> 
========================================================================
Received Import Request.
  Time since last request: 326316.415400 seconds.
  path: Assets/UniversalRenderPipelineGlobalSettings.asset
  artifactKey: Guid(72790ebd6b0228d4583fe6dbf5aca6a2) Importer(815301076,1909f56bfc062723c751e8b465ee728b)
Start importing Assets/UniversalRenderPipelineGlobalSettings.asset using Guid(72790ebd6b0228d4583fe6dbf5aca6a2) Importer(815301076,1909f56bfc062723c751e8b465ee728b)  -> (artifact id: 'f86366aa1bbae32858760aadc5035aac') in 0.057702 seconds 
========================================================================
Received Import Request.
  Time since last request: 76.894581 seconds.
  path: Assets/Resources/Art/Background/Layer 8.png
  artifactKey: Guid(501d54c7e54d97c498ca029acba11b5b) Importer(815301076,1909f56bfc062723c751e8b465ee728b)
Start importing Assets/Resources/Art/Background/Layer 8.png using Guid(501d54c7e54d97c498ca029acba11b5b) Importer(815301076,1909f56bfc062723c751e8b465ee728b)  -> (artifact id: '1ccc63a29e60c990917391e52e7570c6') in 0.060881 seconds 
========================================================================
Received Import Request.
  Time since last request: 1.954872 seconds.
  path: Assets/Resources/Art/Background/Dream Vert Clouds/Layer 2.png
  artifactKey: Guid(c1b3b371d93a00a408317a136120ab58) Importer(815301076,1909f56bfc062723c751e8b465ee728b)
Start importing Assets/Resources/Art/Background/Dream Vert Clouds/Layer 2.png using Guid(c1b3b371d93a00a408317a136120ab58) Importer(815301076,1909f56bfc062723c751e8b465ee728b)  -> (artifact id: '726381d24ee47c3a360275535abf5a09') in 0.009735 seconds 
========================================================================
Received Import Request.
  Time since last request: 0.000024 seconds.
  path: Assets/Resources/Art/Background/Dream Vert Clouds/Layer 4.png
  artifactKey: Guid(b44a0b27faf347c43b7fb8b1b1b22448) Importer(815301076,1909f56bfc062723c751e8b465ee728b)
Start importing Assets/Resources/Art/Background/Dream Vert Clouds/Layer 4.png using Guid(b44a0b27faf347c43b7fb8b1b1b22448) Importer(815301076,1909f56bfc062723c751e8b465ee728b)  -> (artifact id: 'e6e81456b1b7659dcb280dd096d6e344') in 0.011792 seconds 
========================================================================
Received Import Request.
  Time since last request: 5.712105 seconds.
  path: Assets/Resources/Art/Characters/Non-Player/beetle/shell.png
  artifactKey: Guid(260782c2842e2d945a9668658554c8fc) Importer(815301076,1909f56bfc062723c751e8b465ee728b)
Start importing Assets/Resources/Art/Characters/Non-Player/beetle/shell.png using Guid(260782c2842e2d945a9668658554c8fc) Importer(815301076,1909f56bfc062723c751e8b465ee728b)  -> (artifact id: '48eaae9e580fef513d89fcc6c37fdb85') in 0.008364 seconds 
========================================================================
Received Import Request.
  Time since last request: 1.733667 seconds.
  path: Assets/Resources/Art/Characters/Non-Player/Default/Body.png
  artifactKey: Guid(2af638ad9d403024580dc63122a4fc59) Importer(815301076,1909f56bfc062723c751e8b465ee728b)
Start importing Assets/Resources/Art/Characters/Non-Player/Default/Body.png using Guid(2af638ad9d403024580dc63122a4fc59) Importer(815301076,1909f56bfc062723c751e8b465ee728b)  -> (artifact id: '240abcdefafddd1630dcc97352c33735') in 0.003222 seconds 
========================================================================
Received Import Request.
  Time since last request: 0.000051 seconds.
  path: Assets/Resources/Art/Characters/Non-Player/Default/Player.png
  artifactKey: Guid(1e3acf119cad38447a1d496f149a7da8) Importer(815301076,1909f56bfc062723c751e8b465ee728b)
Start importing Assets/Resources/Art/Characters/Non-Player/Default/Player.png using Guid(1e3acf119cad38447a1d496f149a7da8) Importer(815301076,1909f56bfc062723c751e8b465ee728b)  -> (artifact id: 'a1c2e4a79027519b4675bff14e0462ec') in 0.010562 seconds 
========================================================================
Received Import Request.
  Time since last request: 0.000025 seconds.
  path: Assets/Resources/Art/Characters/Non-Player/Default/Legs 1.png
  artifactKey: Guid(985c466b8826c5943b509266fa0c838e) Importer(815301076,1909f56bfc062723c751e8b465ee728b)
Start importing Assets/Resources/Art/Characters/Non-Player/Default/Legs 1.png using Guid(985c466b8826c5943b509266fa0c838e) Importer(815301076,1909f56bfc062723c751e8b465ee728b)  -> (artifact id: 'a5957014a5056331a970e1e51183ce6e') in 0.010252 seconds 
========================================================================
Received Import Request.
  Time since last request: 0.000026 seconds.
  path: Assets/Resources/Art/Characters/Non-Player/Default/Legs.png
  artifactKey: Guid(d7d7611fffc4a1e44913e9dddfc2a4da) Importer(815301076,1909f56bfc062723c751e8b465ee728b)
Start importing Assets/Resources/Art/Characters/Non-Player/Default/Legs.png using Guid(d7d7611fffc4a1e44913e9dddfc2a4da) Importer(815301076,1909f56bfc062723c751e8b465ee728b)  -> (artifact id: 'ad912bb605663e540df6016af405e908') in 0.010674 seconds 
========================================================================
Received Import Request.
  Time since last request: 3.321675 seconds.
  path: Assets/Resources/Art/Characters/Non-Player/dragon fly/wing back.png
  artifactKey: Guid(385d27d4d4a6bd8479f2921bbd0e5e39) Importer(815301076,1909f56bfc062723c751e8b465ee728b)
Start importing Assets/Resources/Art/Characters/Non-Player/dragon fly/wing back.png using Guid(385d27d4d4a6bd8479f2921bbd0e5e39) Importer(815301076,1909f56bfc062723c751e8b465ee728b)  -> (artifact id: '5661364e39e897cf40335d1aee055db2') in 0.012074 seconds 
